Lendo arquivo 1kQp2gf0OT4NFoi_UFSCSMWqQcMOdEJ6Q a partir do Google Sheets ...
Lendo arquivo 112XZL4n09YQk3skjYVLe_xLAlNuEVrxs a partir do Google Sheets ...
Item atual alterado para 10.01.206-6
Saldos iniciais para o item 10.01.206-6: (4336.7272, 8238.98)
Saldos finais para o item 10.01.206-6: (2532.7309, 5773.19)


Item atual alterado para 10.01.369-0
Saldos iniciais para o item 10.01.369-0: (2387.1626, 6392.24)
Saldos finais para o item 10.01.369-0: (5914.0, 11637.51)


Item atual alterado para 41.01.053-3
Saldos iniciais para o item 41.01.053-3: (26382.0, 3157.55)
Saldos finais para o item 41.01.053-3: (39560.0, 10260.81)


Item atual alterado para 41.02.051-2
Saldos iniciais para o item 41.02.051-2: (70084.0, 5333.46)
Saldos finais para o item 41.02.051-2: (57737.0, 5263.01)


Item atual alterado para 41.26.232-0
Saldos iniciais para o item 41.26.232-0: (593.0, 11562.94)
Saldos finais para o item 41.26.232-0: (546.0, 11623.48)


Item atual alterado para 41.67.008-8
Saldos iniciais para o item 41.67.008-8: (6395.0, 21283.82)
Saldos finais para o item 41.67.008-8: (4599.0, 16992.17)


Item atual alterado para 41.73.019-6
Saldos iniciais para o item 41.73.019-6: (0.0, 0.0)
Saldos finais para o item 41.73.019-6: (5262.0, 17123.53)


Item atual alterado para 47.05.018-9
Saldos iniciais para o item 47.05.018-9: (12.0, 160.5)
Saldos finais para o item 47.05.018-9: (242.0, 4189.9)


Item atual alterado para 47.11.014-9
Saldos iniciais para o item 47.11.014-9: (5668.0, 17669.48)
Saldos finais para o item 47.11.014-9: (5110.0, 48121.18)


Item atual alterado para 61.21.107-1
Saldos iniciais para o item 61.21.107-1: (344.0, 66516.91)
Saldos finais para o item 61.21.107-1: (452.0, 100286.54)


Item atual alterado para 62.51.311-0
Saldos iniciais para o item 62.51.311-0: (1238.0, 126920.51)
Saldos finais para o item 62.51.311-0: (1572.0, 179672.83)


Item atual alterado para 63.41.311-9
Saldos iniciais para o item 63.41.311-9: (812.0, 63834.04)
Saldos finais para o item 63.41.311-9: (644.0, 57562.87)


Item atual alterado para 66.31.174-0
Saldos iniciais para o item 66.31.174-0: (279.0, 27225.37)
Saldos finais para o item 66.31.174-0: (586.0, 64283.47)


Item atual alterado para 69.51.202-0
Saldos iniciais para o item 69.51.202-0: (212.0, 61695.1)
Saldos finais para o item 69.51.202-0: (480.0, 157880.17)


Item atual alterado para 70.25.162-0
Saldos iniciais para o item 70.25.162-0: (330.0, 71080.7)
Saldos finais para o item 70.25.162-0: (488.0, 108870.34)


Item atual alterado para 71.15.272-3
Saldos iniciais para o item 71.15.272-3: (115.0, 28158.84)
Saldos finais para o item 71.15.272-3: (581.0, 152595.53)


Item atual alterado para 74.62.201-1
Saldos iniciais para o item 74.62.201-1: (7.0, 9695.39)
Saldos finais para o item 74.62.201-1: (93.0, 138543.27)


Item atual alterado para 76.26.200-4
Saldos iniciais para o item 76.26.200-4: (216.0, 62772.55)
Saldos finais para o item 76.26.200-4: (799.0, 257399.37)


Item atual alterado para 77.33.242-1
Saldos iniciais para o item 77.33.242-1: (165.0, 128684.67)
Saldos finais para o item 77.33.242-1: (263.0, 224950.03)


Item atual alterado para 80.03.104-1
Saldos iniciais para o item 80.03.104-1: (66780.0, 132613.28)
Saldos finais para o item 80.03.104-1: (110852.3972, 238508.97)


Item atual alterado para 81.30.019-4
Saldos iniciais para o item 81.30.019-4: (2090.0, 29296.57)
Saldos finais para o item 81.30.019-4: (6050.0, 90637.22)


Item atual alterado para 82.10.355-4
Saldos iniciais para o item 82.10.355-4: (3187.0, 37093.87)
Saldos finais para o item 82.10.355-4: (3301.777, 43423.93)


Item atual alterado para 82.53.405-9
Saldos iniciais para o item 82.53.405-9: (15716.0677, 71403.56)
Saldos finais para o item 82.53.405-9: (25838.4708, 130196.41)


Item atual alterado para 82.53.475-0
Saldos iniciais para o item 82.53.475-0: (26685.59, 65727.15)
Saldos finais para o item 82.53.475-0: (26441.2524, 76197.72)


Item atual alterado para 82.60.353-0
Saldos iniciais para o item 82.60.353-0: (6199.0, 40155.46)
Saldos finais para o item 82.60.353-0: (7595.0, 50489.42)


Item atual alterado para 82.63.660-9
Saldos iniciais para o item 82.63.660-9: (3469.0921, 36500.18)
Saldos finais para o item 82.63.660-9: (4993.6117, 58323.09)


Item atual alterado para 82.70.372-1
Saldos iniciais para o item 82.70.372-1: (29940.0, 239738.95)
Saldos finais para o item 82.70.372-1: (25124.7712, 207910.22)


Item atual alterado para 82.81.160-5
Saldos iniciais para o item 82.81.160-5: (17407.3419, 36335.07)
Saldos finais para o item 82.81.160-5: (33357.2315, 84326.41)


Item atual alterado para JVB-301-01
Saldos iniciais para o item JVB-301-01: (1669.0, 10654.2)
Saldos finais para o item JVB-301-01: (2637.0, 17526.91)


Arquivo resultado.xlsx gerado!
